2022-09-04 10:49:05,871 [INFO] Activator:177 - 


2022-09-04 10:49:05,871 [INFO] Activator:178 - !SESSION log4j initialized
2022-09-04 13:30:36,471 [INFO] McuFinderGlobals:39 - Set McuFinder mode to 2 (CubeIDE integrated)
2022-09-04 13:30:38,488 [INFO] ApplicationProperties:181 - Using Application install path: C:\ST\STM32CubeIDE_1.7.0\STM32CubeIDE\plugins\com.st.stm32cube.common.mx_6.3.0.202107141111
2022-09-04 13:30:38,490 [INFO] DbMcusXml:74 - Set database path to: C:\ST\STM32CubeIDE_1.7.0\STM32CubeIDE\plugins\com.st.stm32cube.common.mx_6.3.0.202107141111\\db\/mcu/
2022-09-04 13:30:38,507 [INFO] DbBoardsPdsc:56 - Set plugin database path to: C:\ST\STM32CubeIDE_1.7.0\STM32CubeIDE\plugins\com.st.stm32cube.common.mx_6.3.0.202107141111\\db\/plugins/boardmanager/
2022-09-04 13:30:38,514 [INFO] DbMcus:258 - Set plugin images path to: C:\ST\STM32CubeIDE_1.7.0\STM32CubeIDE\plugins\com.st.stm32cube.common.mx_6.3.0.202107141111\\db\/plugins/mcufinder/images/
2022-09-04 13:30:38,514 [INFO] DbBoards:264 - Set plugin images path to: C:\ST\STM32CubeIDE_1.7.0\STM32CubeIDE\plugins\com.st.stm32cube.common.mx_6.3.0.202107141111\\db\/plugins/mcufinder/images/
2022-09-04 13:30:38,515 [INFO] DbExamples:333 - Set plugin images path to: C:\ST\STM32CubeIDE_1.7.0\STM32CubeIDE\plugins\com.st.stm32cube.common.mx_6.3.0.202107141111\\db\/plugins/mcufinder/images/
2022-09-04 13:30:38,515 [INFO] DbMcusAds:119 - Set database path to: C:\Users\kccistc\.stmcufinder\plugins\mcufinder//mcu/
2022-09-04 13:30:38,515 [INFO] DbMcusDocs:110 - Set database path to: C:\Users\kccistc\.stmcufinder\plugins\mcufinder//mcu/
2022-09-04 13:30:38,532 [INFO] DbMcusJson:64 - Set database path to: C:\Users\kccistc\.stmcufinder\plugins\mcufinder//mcu/
2022-09-04 13:30:38,532 [INFO] DbBoardsDocs:110 - Set database path to: C:\Users\kccistc\.stmcufinder\plugins\mcufinder//mcu/
2022-09-04 13:30:38,532 [INFO] DbBoardsJson:57 - Set database path to: C:\Users\kccistc\.stmcufinder\plugins\mcufinder//mcu/
2022-09-04 13:30:38,829 [INFO] CrossReferenceDbSqlite:196 - Set database path to: C:\Users\kccistc\.stmcufinder\plugins\mcufinder//mcu/cs/
2022-09-04 13:30:38,830 [INFO] DbExamplesSqlite:767 - Set database path to: C:\Users\kccistc\.stmcufinder\plugins\mcufinder//mcu/
2022-09-04 13:30:38,956 [INFO] RulesReader:57 - Compatibility file has been processed (242 Rules)
2022-09-04 13:30:39,117 [INFO] DbMcusXml:74 - Set database path to: C:\ST\STM32CubeIDE_1.7.0\STM32CubeIDE\plugins\com.st.stm32cube.common.mx_6.3.0.202107141111\\db\/mcu/
2022-09-04 13:30:39,119 [INFO] DbBoardsPdsc:56 - Set plugin database path to: C:\ST\STM32CubeIDE_1.7.0\STM32CubeIDE\plugins\com.st.stm32cube.common.mx_6.3.0.202107141111\\db\/plugins/boardmanager/
2022-09-04 13:30:39,119 [INFO] DbMcus:258 - Set plugin images path to: C:\ST\STM32CubeIDE_1.7.0\STM32CubeIDE\plugins\com.st.stm32cube.common.mx_6.3.0.202107141111\\db\/plugins/mcufinder/images/
2022-09-04 13:30:39,119 [INFO] DbBoards:264 - Set plugin images path to: C:\ST\STM32CubeIDE_1.7.0\STM32CubeIDE\plugins\com.st.stm32cube.common.mx_6.3.0.202107141111\\db\/plugins/mcufinder/images/
2022-09-04 13:30:39,119 [INFO] DbExamples:333 - Set plugin images path to: C:\ST\STM32CubeIDE_1.7.0\STM32CubeIDE\plugins\com.st.stm32cube.common.mx_6.3.0.202107141111\\db\/plugins/mcufinder/images/
2022-09-04 13:30:39,120 [WARN] DbFile:35 - Overriding database path with different value: C:\Users\kccistc\.stmcufinder\plugins\mcufinder/ => C:\Users\kccistc\.stmcufinder\plugins\mcufinder
2022-09-04 13:30:39,120 [INFO] DbMcusAds:119 - Set database path to: C:\Users\kccistc\.stmcufinder\plugins\mcufinder//mcu/
2022-09-04 13:30:39,120 [WARN] DbFile:35 - Overriding database path with different value: C:\Users\kccistc\.stmcufinder\plugins\mcufinder/ => C:\Users\kccistc\.stmcufinder\plugins\mcufinder
2022-09-04 13:30:39,120 [INFO] DbMcusDocs:110 - Set database path to: C:\Users\kccistc\.stmcufinder\plugins\mcufinder//mcu/
2022-09-04 13:30:39,120 [WARN] DbFile:35 - Overriding database path with different value: C:\Users\kccistc\.stmcufinder\plugins\mcufinder/ => C:\Users\kccistc\.stmcufinder\plugins\mcufinder
2022-09-04 13:30:39,120 [INFO] DbMcusJson:64 - Set database path to: C:\Users\kccistc\.stmcufinder\plugins\mcufinder//mcu/
2022-09-04 13:30:39,120 [WARN] DbFile:35 - Overriding database path with different value: C:\Users\kccistc\.stmcufinder\plugins\mcufinder/ => C:\Users\kccistc\.stmcufinder\plugins\mcufinder
2022-09-04 13:30:39,120 [INFO] DbBoardsDocs:110 - Set database path to: C:\Users\kccistc\.stmcufinder\plugins\mcufinder//mcu/
2022-09-04 13:30:39,120 [WARN] DbFile:35 - Overriding database path with different value: C:\Users\kccistc\.stmcufinder\plugins\mcufinder/ => C:\Users\kccistc\.stmcufinder\plugins\mcufinder
2022-09-04 13:30:39,120 [INFO] DbBoardsJson:57 - Set database path to: C:\Users\kccistc\.stmcufinder\plugins\mcufinder//mcu/
2022-09-04 13:30:39,120 [WARN] DbFile:35 - Overriding database path with different value: C:\Users\kccistc\.stmcufinder\plugins\mcufinder/ => C:\Users\kccistc\.stmcufinder\plugins\mcufinder
2022-09-04 13:30:39,120 [WARN] DbFile:35 - Overriding database path with different value: C:\Users\kccistc\.stmcufinder\plugins\mcufinder/ => C:\Users\kccistc\.stmcufinder\plugins\mcufinder
2022-09-04 13:30:39,120 [INFO] CrossReferenceDbSqlite:196 - Set database path to: C:\Users\kccistc\.stmcufinder\plugins\mcufinder//mcu/cs/
2022-09-04 13:30:39,120 [WARN] DbFile:35 - Overriding database path with different value: C:\Users\kccistc\.stmcufinder\plugins\mcufinder/ => C:\Users\kccistc\.stmcufinder\plugins\mcufinder
2022-09-04 13:30:39,120 [INFO] DbExamplesSqlite:767 - Set database path to: C:\Users\kccistc\.stmcufinder\plugins\mcufinder//mcu/
2022-09-04 13:30:39,184 [INFO] MainPanel:214 - HeapMemory: 630194176
2022-09-04 13:30:39,272 [INFO] DbMcusXml:74 - Set database path to: C:\ST\STM32CubeIDE_1.7.0\STM32CubeIDE\plugins\com.st.stm32cube.common.mx_6.3.0.202107141111\\db\/mcu/
2022-09-04 13:30:39,272 [INFO] DbBoardsPdsc:56 - Set plugin database path to: C:\ST\STM32CubeIDE_1.7.0\STM32CubeIDE\plugins\com.st.stm32cube.common.mx_6.3.0.202107141111\\db\/plugins/boardmanager/
2022-09-04 13:30:39,272 [INFO] DbMcus:258 - Set plugin images path to: C:\ST\STM32CubeIDE_1.7.0\STM32CubeIDE\plugins\com.st.stm32cube.common.mx_6.3.0.202107141111\\db\/plugins/mcufinder/images/
2022-09-04 13:30:39,273 [INFO] DbBoards:264 - Set plugin images path to: C:\ST\STM32CubeIDE_1.7.0\STM32CubeIDE\plugins\com.st.stm32cube.common.mx_6.3.0.202107141111\\db\/plugins/mcufinder/images/
2022-09-04 13:30:39,273 [INFO] DbExamples:333 - Set plugin images path to: C:\ST\STM32CubeIDE_1.7.0\STM32CubeIDE\plugins\com.st.stm32cube.common.mx_6.3.0.202107141111\\db\/plugins/mcufinder/images/
2022-09-04 13:30:39,273 [WARN] DbFile:35 - Overriding database path with different value: C:\Users\kccistc\.stmcufinder\plugins\mcufinder/ => C:\Users\kccistc\.stmcufinder\plugins\mcufinder
2022-09-04 13:30:39,274 [INFO] DbMcusAds:119 - Set database path to: C:\Users\kccistc\.stmcufinder\plugins\mcufinder//mcu/
2022-09-04 13:30:39,274 [WARN] DbFile:35 - Overriding database path with different value: C:\Users\kccistc\.stmcufinder\plugins\mcufinder/ => C:\Users\kccistc\.stmcufinder\plugins\mcufinder
2022-09-04 13:30:39,274 [INFO] DbMcusDocs:110 - Set database path to: C:\Users\kccistc\.stmcufinder\plugins\mcufinder//mcu/
2022-09-04 13:30:39,274 [WARN] DbFile:35 - Overriding database path with different value: C:\Users\kccistc\.stmcufinder\plugins\mcufinder/ => C:\Users\kccistc\.stmcufinder\plugins\mcufinder
2022-09-04 13:30:39,274 [INFO] DbMcusJson:64 - Set database path to: C:\Users\kccistc\.stmcufinder\plugins\mcufinder//mcu/
2022-09-04 13:30:39,274 [WARN] DbFile:35 - Overriding database path with different value: C:\Users\kccistc\.stmcufinder\plugins\mcufinder/ => C:\Users\kccistc\.stmcufinder\plugins\mcufinder
2022-09-04 13:30:39,274 [INFO] DbBoardsDocs:110 - Set database path to: C:\Users\kccistc\.stmcufinder\plugins\mcufinder//mcu/
2022-09-04 13:30:39,274 [WARN] DbFile:35 - Overriding database path with different value: C:\Users\kccistc\.stmcufinder\plugins\mcufinder/ => C:\Users\kccistc\.stmcufinder\plugins\mcufinder
2022-09-04 13:30:39,274 [INFO] DbBoardsJson:57 - Set database path to: C:\Users\kccistc\.stmcufinder\plugins\mcufinder//mcu/
2022-09-04 13:30:39,274 [WARN] DbFile:35 - Overriding database path with different value: C:\Users\kccistc\.stmcufinder\plugins\mcufinder/ => C:\Users\kccistc\.stmcufinder\plugins\mcufinder
2022-09-04 13:30:39,274 [WARN] DbFile:35 - Overriding database path with different value: C:\Users\kccistc\.stmcufinder\plugins\mcufinder/ => C:\Users\kccistc\.stmcufinder\plugins\mcufinder
2022-09-04 13:30:39,274 [INFO] CrossReferenceDbSqlite:196 - Set database path to: C:\Users\kccistc\.stmcufinder\plugins\mcufinder//mcu/cs/
2022-09-04 13:30:39,274 [WARN] DbFile:35 - Overriding database path with different value: C:\Users\kccistc\.stmcufinder\plugins\mcufinder/ => C:\Users\kccistc\.stmcufinder\plugins\mcufinder
2022-09-04 13:30:39,274 [INFO] DbExamplesSqlite:767 - Set database path to: C:\Users\kccistc\.stmcufinder\plugins\mcufinder//mcu/
2022-09-04 13:30:39,298 [INFO] ApplicationProperties:181 - Using Application install path: C:\ST\STM32CubeIDE_1.7.0\STM32CubeIDE\plugins\com.st.stm32cube.common.mx_6.3.0.202107141111
2022-09-04 13:30:39,298 [INFO] PluginManage:188 - Search for loadable plugins [exclusion list=, ]
2022-09-04 13:30:39,298 [INFO] PluginManage:302 - Check plugin analytics
2022-09-04 13:30:39,521 [INFO] AnalyticsPlugin:257 - Accepted Software Licenses: 
2022-09-04 13:30:39,521 [INFO] AnalyticsPlugin:259 - Accepted CMSIS Pack Licenses: 
2022-09-04 13:30:39,521 [INFO] AnalyticsPlugin:261 - Accepted Firmware Licenses: 
2022-09-04 13:30:39,522 [INFO] PluginManage:352 - Loaded plugin analytics (category:tool,tabindex:-1)
2022-09-04 13:30:39,522 [INFO] PluginManage:302 - Check plugin clock
2022-09-04 13:30:39,532 [INFO] PluginManage:352 - Loaded plugin clock (category:base,tabindex:2)
2022-09-04 13:30:39,532 [INFO] PluginManage:302 - Check plugin ddr
2022-09-04 13:30:39,532 [INFO] PluginManage:352 - Loaded plugin ddr (category:tool,tabindex:6)
2022-09-04 13:30:39,532 [INFO] PluginManage:302 - Check plugin filemanager
2022-09-04 13:30:39,725 [INFO] PluginManage:352 - Loaded plugin filemanager (category:base,tabindex:10)
2022-09-04 13:30:39,725 [INFO] PluginManage:302 - Check plugin ipmanager
2022-09-04 13:30:39,736 [INFO] PluginManage:352 - Loaded plugin ipmanager (category:base,tabindex:5)
2022-09-04 13:30:39,736 [INFO] PluginManage:302 - Check plugin pinoutandconfiguration
2022-09-04 13:30:39,738 [INFO] PluginManage:352 - Loaded plugin pinoutandconfiguration (category:base,tabindex:1)
2022-09-04 13:30:39,738 [INFO] PluginManage:302 - Check plugin pinoutconfig
2022-09-04 13:30:39,801 [INFO] PluginManage:352 - Loaded plugin pinoutconfig (category:base,tabindex:0)
2022-09-04 13:30:39,801 [INFO] PluginManage:302 - Check plugin power
2022-09-04 13:30:39,817 [INFO] PluginManage:352 - Loaded plugin power (category:power,tabindex:4)
2022-09-04 13:30:39,817 [INFO] PluginManage:302 - Check plugin projectmanager
2022-09-04 13:30:39,856 [INFO] PluginManage:352 - Loaded plugin projectmanager (category:projectmanager,tabindex:3)
2022-09-04 13:30:39,856 [INFO] PluginManage:302 - Check plugin thirdparty
2022-09-04 13:30:40,025 [WARN] IntegrityCheckThread:78 - waiting for thirdparty lock release [integrity check]
2022-09-04 13:30:40,029 [INFO] IntegrityCheckThread:80 - entering critical section [integrity check]
2022-09-04 13:30:40,028 [INFO] PluginManage:352 - Loaded plugin thirdparty (category:base,tabindex:-1)
2022-09-04 13:30:40,029 [INFO] PluginManage:302 - Check plugin tools
2022-09-04 13:30:40,029 [INFO] ThirdPartyUpdaterWithRetryManager:66 - Updater plugin not ready yet. [1/15]
2022-09-04 13:30:40,032 [INFO] PluginManage:352 - Loaded plugin tools (category:base,tabindex:7)
2022-09-04 13:30:40,033 [INFO] PluginManage:302 - Check plugin tutovideos
2022-09-04 13:30:40,300 [INFO] PluginManage:352 - Loaded plugin tutovideos (category:base,tabindex:-1)
2022-09-04 13:30:40,300 [INFO] PluginManage:302 - Check plugin updater
2022-09-04 13:30:40,315 [INFO] PluginManage:352 - Loaded plugin updater (category:base,tabindex:12)
2022-09-04 13:30:40,315 [INFO] PluginManage:275 - PluginManage : Loaded plugins [13]
2022-09-04 13:30:40,536 [INFO] PinOutPanel:1463 - setPackage(No Configuration,No Configuration)
2022-09-04 13:30:40,646 [INFO] IPUIPlugin:74 - create IPUIPlugin
2022-09-04 13:30:40,646 [INFO] PluginManager:213 - loadIPPluginJar : add adc
2022-09-04 13:30:40,646 [INFO] IPUIPlugin:74 - create IPUIPlugin
2022-09-04 13:30:40,646 [INFO] PluginManager:213 - loadIPPluginJar : add aes
2022-09-04 13:30:40,646 [INFO] IPUIPlugin:74 - create IPUIPlugin
2022-09-04 13:30:40,646 [INFO] PluginManager:213 - loadIPPluginJar : add can
2022-09-04 13:30:40,646 [INFO] IPUIPlugin:74 - create IPUIPlugin
2022-09-04 13:30:40,646 [INFO] PluginManager:213 - loadIPPluginJar : add comp
2022-09-04 13:30:40,664 [INFO] IPUIPlugin:74 - create IPUIPlugin
2022-09-04 13:30:40,664 [INFO] PluginManager:213 - loadIPPluginJar : add cryp
2022-09-04 13:30:40,664 [INFO] IPUIPlugin:74 - create IPUIPlugin
2022-09-04 13:30:40,664 [INFO] PluginManager:213 - loadIPPluginJar : add dfsdm
2022-09-04 13:30:40,664 [INFO] IPUIPlugin:74 - create IPUIPlugin
2022-09-04 13:30:40,664 [INFO] PluginManager:213 - loadIPPluginJar : add dma
2022-09-04 13:30:40,680 [INFO] IPUIPlugin:74 - create IPUIPlugin
2022-09-04 13:30:40,680 [INFO] PluginManager:213 - loadIPPluginJar : add dma3
2022-09-04 13:30:40,680 [INFO] IPUIPlugin:74 - create IPUIPlugin
2022-09-04 13:30:40,680 [INFO] PluginManager:213 - loadIPPluginJar : add fatfs
2022-09-04 13:30:40,708 [INFO] IPUIPlugin:74 - create IPUIPlugin
2022-09-04 13:30:40,708 [INFO] PluginManager:213 - loadIPPluginJar : add fmc
2022-09-04 13:30:40,737 [INFO] IPUIPlugin:74 - create IPUIPlugin
2022-09-04 13:30:40,738 [INFO] PluginManager:213 - loadIPPluginJar : add freertos
2022-09-04 13:30:40,738 [INFO] IPUIPlugin:74 - create IPUIPlugin
2022-09-04 13:30:40,738 [INFO] PluginManager:213 - loadIPPluginJar : add genericplugin
2022-09-04 13:30:40,738 [INFO] IPUIPlugin:74 - create IPUIPlugin
2022-09-04 13:30:40,738 [INFO] PluginManager:213 - loadIPPluginJar : add gfxmmu
2022-09-04 13:30:40,738 [INFO] IPUIPlugin:74 - create IPUIPlugin
2022-09-04 13:30:40,738 [INFO] PluginManager:213 - loadIPPluginJar : add gic
2022-09-04 13:30:40,753 [INFO] IPUIPlugin:74 - create IPUIPlugin
2022-09-04 13:30:40,753 [INFO] PluginManager:213 - loadIPPluginJar : add gpio
2022-09-04 13:30:40,753 [INFO] IPUIPlugin:74 - create IPUIPlugin
2022-09-04 13:30:40,753 [INFO] PluginManager:213 - loadIPPluginJar : add gtzc
2022-09-04 13:30:40,753 [INFO] IPUIPlugin:74 - create IPUIPlugin
2022-09-04 13:30:40,753 [INFO] PluginManager:213 - loadIPPluginJar : add hash
2022-09-04 13:30:40,769 [INFO] IPUIPlugin:74 - create IPUIPlugin
2022-09-04 13:30:40,769 [INFO] PluginManager:213 - loadIPPluginJar : add i2c
2022-09-04 13:30:40,769 [INFO] IPUIPlugin:74 - create IPUIPlugin
2022-09-04 13:30:40,769 [INFO] PluginManager:213 - loadIPPluginJar : add i2s
2022-09-04 13:30:40,769 [INFO] IPUIPlugin:74 - create IPUIPlugin
2022-09-04 13:30:40,769 [INFO] PluginManager:213 - loadIPPluginJar : add ipddr
2022-09-04 13:30:40,784 [INFO] IPUIPlugin:74 - create IPUIPlugin
2022-09-04 13:30:40,784 [INFO] PluginManager:213 - loadIPPluginJar : add linkedlist
2022-09-04 13:30:40,784 [INFO] IPUIPlugin:74 - create IPUIPlugin
2022-09-04 13:30:40,784 [INFO] PluginManager:213 - loadIPPluginJar : add lorawan
2022-09-04 13:30:40,784 [INFO] IPUIPlugin:74 - create IPUIPlugin
2022-09-04 13:30:40,784 [INFO] PluginManager:213 - loadIPPluginJar : add ltdc
2022-09-04 13:30:40,801 [INFO] IPUIPlugin:74 - create IPUIPlugin
2022-09-04 13:30:40,801 [INFO] PluginManager:213 - loadIPPluginJar : add mdma
2022-09-04 13:30:40,804 [INFO] IPUIPlugin:74 - create IPUIPlugin
2022-09-04 13:30:40,804 [INFO] PluginManager:213 - loadIPPluginJar : add nvic
2022-09-04 13:30:40,804 [INFO] IPUIPlugin:74 - create IPUIPlugin
2022-09-04 13:30:40,804 [INFO] PluginManager:213 - loadIPPluginJar : add opamp
2022-09-04 13:30:40,804 [INFO] IPUIPlugin:74 - create IPUIPlugin
2022-09-04 13:30:40,804 [INFO] PluginManager:213 - loadIPPluginJar : add openamp
2022-09-04 13:30:40,821 [INFO] IPUIPlugin:74 - create IPUIPlugin
2022-09-04 13:30:40,821 [INFO] PluginManager:213 - loadIPPluginJar : add pdm2pcm
2022-09-04 13:30:40,821 [INFO] IPUIPlugin:74 - create IPUIPlugin
2022-09-04 13:30:40,821 [INFO] PluginManager:213 - loadIPPluginJar : add plateformsettings
2022-09-04 13:30:40,837 [INFO] IPUIPlugin:74 - create IPUIPlugin
2022-09-04 13:30:40,837 [INFO] PluginManager:213 - loadIPPluginJar : add quadspi
2022-09-04 13:30:40,838 [INFO] IPUIPlugin:74 - create IPUIPlugin
2022-09-04 13:30:40,838 [INFO] PluginManager:213 - loadIPPluginJar : add resmgrutility
2022-09-04 13:30:40,838 [INFO] IPUIPlugin:74 - create IPUIPlugin
2022-09-04 13:30:40,838 [INFO] PluginManager:213 - loadIPPluginJar : add sai
2022-09-04 13:30:40,838 [INFO] IPUIPlugin:74 - create IPUIPlugin
2022-09-04 13:30:40,838 [INFO] PluginManager:213 - loadIPPluginJar : add spi
2022-09-04 13:30:40,853 [INFO] IPUIPlugin:74 - create IPUIPlugin
2022-09-04 13:30:40,853 [INFO] PluginManager:213 - loadIPPluginJar : add stm32_wpan
2022-09-04 13:30:40,853 [INFO] IPUIPlugin:74 - create IPUIPlugin
2022-09-04 13:30:40,853 [INFO] PluginManager:213 - loadIPPluginJar : add tim
2022-09-04 13:30:40,853 [INFO] IPUIPlugin:74 - create IPUIPlugin
2022-09-04 13:30:40,853 [INFO] PluginManager:213 - loadIPPluginJar : add touchsensing
2022-09-04 13:30:40,853 [INFO] IPUIPlugin:74 - create IPUIPlugin
2022-09-04 13:30:40,853 [INFO] PluginManager:213 - loadIPPluginJar : add tracer_emb
2022-09-04 13:30:40,853 [INFO] IPUIPlugin:74 - create IPUIPlugin
2022-09-04 13:30:40,869 [INFO] PluginManager:213 - loadIPPluginJar : add ts
2022-09-04 13:30:40,869 [INFO] IPUIPlugin:74 - create IPUIPlugin
2022-09-04 13:30:40,869 [INFO] PluginManager:213 - loadIPPluginJar : add tsc
2022-09-04 13:30:40,869 [INFO] IPUIPlugin:74 - create IPUIPlugin
2022-09-04 13:30:40,869 [INFO] PluginManager:213 - loadIPPluginJar : add ucpd
2022-09-04 13:30:40,879 [INFO] IPUIPlugin:74 - create IPUIPlugin
2022-09-04 13:30:40,879 [INFO] PluginManager:213 - loadIPPluginJar : add usart
2022-09-04 13:30:40,879 [INFO] IPUIPlugin:74 - create IPUIPlugin
2022-09-04 13:30:40,879 [INFO] PluginManager:213 - loadIPPluginJar : add usbx
2022-09-04 13:30:41,236 [FATAL] Updater:294 - Updater called before beeing initialized
2022-09-04 13:30:41,408 [FATAL] Updater:294 - Updater called before beeing initialized
2022-09-04 13:30:41,408 [INFO] DbMcusAds:47 - JSON generation date=Thu Sep 30 15:55:09 KST 2021 (1632984909377)
2022-09-04 13:30:41,408 [FATAL] Updater:294 - Updater called before beeing initialized
2022-09-04 13:30:41,459 [WARN] DetailPanel:314 - Failed to get advertising image, set to default
2022-09-04 13:30:41,599 [FATAL] Updater:294 - Updater called before beeing initialized
2022-09-04 13:30:41,602 [FATAL] Updater:294 - Updater called before beeing initialized
2022-09-04 13:30:41,602 [FATAL] Updater:294 - Updater called before beeing initialized
2022-09-04 13:30:41,602 [WARN] DetailPanel:314 - Failed to get advertising image, set to default
2022-09-04 13:30:41,604 [FATAL] Updater:294 - Updater called before beeing initialized
2022-09-04 13:30:41,693 [ERROR] Updater:1075 - MainUpdater not yet initialized. External WinMGr cannot be set.
2022-09-04 13:30:41,696 [INFO] Updater:1012 - Updater Version found : 6.3.0
2022-09-04 13:30:41,709 [INFO] ApplicationProperties:181 - Using Application install path: C:\ST\STM32CubeIDE_1.7.0\STM32CubeIDE\plugins\com.st.stm32cube.common.mx_6.3.0.202107141111
2022-09-04 13:30:41,978 [INFO] MainUpdater:2671 - connection check result : 10
2022-09-04 13:30:41,979 [INFO] MainUpdater:265 - Updater Check For Update Now.
2022-09-04 13:30:41,979 [INFO] MicroXplorer:478 - Change Database Version : DB.6.0.30
2022-09-04 13:30:42,139 [INFO] CheckServerUpdateThread:112 - End of CheckServer Thread
2022-09-04 13:30:42,211 [INFO] MainUpdater:2671 - connection check result : 10
2022-09-04 13:30:42,211 [INFO] MainUpdater:2671 - connection check result : 10
2022-09-04 13:30:42,319 [INFO] MicroXplorer:448 - Change Database Path : 
2022-09-04 13:30:42,320 [INFO] MicroXplorer:478 - Change Database Version : DB.6.0.30
2022-09-04 13:30:42,322 [WARN] ThirdParty:813 - waiting for thirdparty lock release [close project]
2022-09-04 13:30:43,237 [WARN] PackLoader:238 - Cannot read IP mode file for STMicroelectronics.X-CUBE-GNSS1.6.0.0
2022-09-04 13:30:43,284 [WARN] PackLoader:238 - Cannot read IP mode file for STMicroelectronics.X-CUBE-AZRTOS-F4.1.1.0
2022-09-04 13:30:43,329 [WARN] PackLoader:238 - Cannot read IP mode file for STMicroelectronics.X-CUBE-AZRTOS-F7.1.1.0
2022-09-04 13:30:43,341 [WARN] PackLoader:238 - Cannot read IP mode file for STMicroelectronics.X-CUBE-BLE1.6.2.3
2022-09-04 13:30:43,342 [WARN] PackLoader:238 - Cannot read IP mode file for STMicroelectronics.X-CUBE-NFC4.2.0.4
2022-09-04 13:30:43,359 [WARN] PackLoader:238 - Cannot read IP mode file for STMicroelectronics.X-CUBE-TOF1.3.1.0
2022-09-04 13:30:43,369 [WARN] PackLoader:238 - Cannot read IP mode file for STMicroelectronics.X-CUBE-NFC7.1.0.0
2022-09-04 13:30:43,437 [WARN] PackLoader:238 - Cannot read IP mode file for STMicroelectronics.X-CUBE-MEMS1.9.3.0
2022-09-04 13:30:43,677 [WARN] PackLoader:238 - Cannot read IP mode file for STMicroelectronics.X-CUBE-AI.7.2.0
2022-09-04 13:30:43,686 [WARN] PackLoader:238 - Cannot read IP mode file for STMicroelectronics.X-CUBE-SFXS2LP1.4.0.0
2022-09-04 13:30:43,686 [WARN] PackLoader:238 - Cannot read IP mode file for STMicroelectronics.X-CUBE-BLE2.3.3.0
2022-09-04 13:30:43,703 [WARN] PackLoader:238 - Cannot read IP mode file for STMicroelectronics.X-CUBE-DISPLAY.2.2.0
2022-09-04 13:30:43,703 [WARN] PackLoader:238 - Cannot read IP mode file for STMicroelectronics.X-CUBE-ISPU.1.0.0
2022-09-04 13:30:43,718 [WARN] PackLoader:238 - Cannot read IP mode file for RoweBots.I-CUBE-UNISONRTOS.5.5.0-4
2022-09-04 13:30:43,757 [WARN] PackLoader:238 - Cannot read IP mode file for STMicroelectronics.X-CUBE-AZRTOS-H7.2.1.0
2022-09-04 13:30:43,774 [WARN] PackLoader:238 - Cannot read IP mode file for wolfSSL.I-CUBE-wolfSSL.5.4.0
2022-09-04 13:30:43,774 [WARN] PackLoader:238 - Cannot read IP mode file for STMicroelectronics.X-CUBE-BLEMGR.1.0.0
2022-09-04 13:30:43,789 [WARN] PackLoader:238 - Cannot read IP mode file for STMicroelectronics.X-CUBE-ALGOBUILD.1.3.0
2022-09-04 13:30:43,818 [WARN] PackLoader:238 - Cannot read IP mode file for STMicroelectronics.X-CUBE-AZRTOS-G0.1.1.0
2022-09-04 13:30:43,824 [WARN] PackLoader:238 - Cannot read IP mode file for STMicroelectronics.X-CUBE-SUBG2.5.0.0
2022-09-04 13:30:43,905 [WARN] PackLoader:238 - Cannot read IP mode file for SEGGER.I-CUBE-embOS.1.2.0
2022-09-04 13:30:43,969 [WARN] PackLoader:238 - Cannot read IP mode file for STMicroelectronics.FP-ATR-ASTRA1.1.1.1
2022-09-04 13:30:43,969 [WARN] PackLoader:238 - Cannot read IP mode file for STMicroelectronics.FP-ATR-ASTRA1.1.1.0
2022-09-04 13:30:43,998 [WARN] PackLoader:238 - Cannot read IP mode file for STMicroelectronics.X-CUBE-AZRTOS-G4.1.0.0
2022-09-04 13:30:44,023 [WARN] PackLoader:238 - Cannot read IP mode file for STMicroelectronics.X-CUBE-AZRTOS-L4.1.0.0
2022-09-04 13:30:44,039 [WARN] PackLoader:238 - Cannot read IP mode file for emotas.I-CUBE-CANOPEN.1.1.2
2022-09-04 13:30:44,045 [WARN] PackLoader:238 - Cannot read IP mode file for STMicroelectronics.X-CUBE-TOUCHGFX.4.20.0
2022-09-04 13:30:44,057 [WARN] PackLoader:238 - Cannot read IP mode file for STMicroelectronics.X-CUBE-AZRTOS-WL.1.0.0
2022-09-04 13:30:44,067 [WARN] PackLoader:238 - Cannot read IP mode file for portGmbH.I-Cube-SoM-uGOAL.1.1.0
2022-09-04 13:30:44,072 [WARN] PackLoader:238 - Cannot read IP mode file for STMicroelectronics.X-CUBE-ALS.1.0.1
2022-09-04 13:30:44,092 [WARN] PackLoader:238 - Cannot read IP mode file for STMicroelectronics.X-CUBE-AZRTOS-L5.1.0.0
2022-09-04 13:30:44,105 [WARN] PackLoader:238 - Cannot read IP mode file for STMicroelectronics.X-CUBE-EEPRMA1.3.1.1
2022-09-04 13:30:44,105 [INFO] ThirdParty:915 - Integrity check success = true
2022-09-04 13:30:44,107 [INFO] IntegrityCheckThread:94 - exiting critical section [integrity check]
2022-09-04 13:30:44,107 [INFO] IntegrityCheckThread:97 - End integrity checks thread
2022-09-04 13:30:44,107 [INFO] ThirdParty:815 - entering critical section [close project]
2022-09-04 13:30:44,109 [INFO] ThirdParty:825 - exiting critical section [close project]
2022-09-04 13:30:44,115 [INFO] PinOutPanel:1463 - setPackage(No Configuration,No Configuration)
2022-09-04 13:30:44,116 [INFO] UtilMem:74 - Begin LoadConfig() Used Memory: 607511240 Bytes (630194176)
2022-09-04 13:30:44,118 [INFO] MicroXplorer:448 - Change Database Path : 
2022-09-04 13:30:44,118 [INFO] MicroXplorer:478 - Change Database Version : DB.6.0.30
2022-09-04 13:30:44,119 [INFO] OpenFileManager:313 - Change cursor
2022-09-04 13:30:45,972 [INFO] Context:592 - Trying to add GPIOservice into a context  which must be forbidden
2022-09-04 13:30:46,457 [WARN] ApiManager:304 - Cannot register API 'Board Extension:GNSS1A1' from pack STMicroelectronics.X-CUBE-GNSS1.6.0.0: no header file found
2022-09-04 13:30:46,457 [WARN] ApiManager:304 - Cannot register API 'Board Support:Custom' from pack STMicroelectronics.X-CUBE-GNSS1.6.0.0: no header file found
2022-09-04 13:30:46,457 [WARN] ApiManager:304 - Cannot register API 'Data Exchange:lib_gnss' from pack STMicroelectronics.X-CUBE-GNSS1.6.0.0: no header file found
2022-09-04 13:30:46,485 [WARN] ModelIntegratedComponent:60 - No mode defined for component null
2022-09-04 13:30:46,485 [WARN] ModelIntegratedComponent:60 - No mode defined for component null
2022-09-04 13:30:46,485 [WARN] ModelIntegratedComponent:60 - No mode defined for component null
2022-09-04 13:30:46,485 [WARN] ModelIntegratedComponent:60 - No mode defined for component null
2022-09-04 13:30:46,485 [WARN] ModelIntegratedComponent:60 - No mode defined for component null
2022-09-04 13:30:46,485 [WARN] ModelIntegratedComponent:60 - No mode defined for component null
2022-09-04 13:30:46,485 [WARN] ModelIntegratedComponent:60 - No mode defined for component null
2022-09-04 13:30:46,485 [WARN] ModelIntegratedComponent:60 - No mode defined for component null
2022-09-04 13:30:46,485 [WARN] ModelIntegratedComponent:60 - No mode defined for component null
2022-09-04 13:30:46,485 [WARN] ModelIntegratedComponent:60 - No mode defined for component null
2022-09-04 13:30:46,485 [WARN] ModelIntegratedComponent:60 - No mode defined for component null
2022-09-04 13:30:46,485 [WARN] ModelIntegratedComponent:60 - No mode defined for component null
2022-09-04 13:30:46,485 [WARN] ModelIntegratedComponent:60 - No mode defined for component null
2022-09-04 13:30:46,485 [WARN] ModelIntegratedComponent:60 - No mode defined for component null
2022-09-04 13:30:46,485 [WARN] ModelIntegratedComponent:60 - No mode defined for component null
2022-09-04 13:30:46,485 [WARN] ModelIntegratedComponent:60 - No mode defined for component null
2022-09-04 13:30:46,485 [WARN] ModelIntegratedComponent:60 - No mode defined for component null
2022-09-04 13:30:46,485 [WARN] ModelIntegratedComponent:60 - No mode defined for component null
2022-09-04 13:30:46,485 [WARN] ModelIntegratedComponent:60 - No mode defined for component null
2022-09-04 13:30:46,485 [WARN] ModelIntegratedComponent:60 - No mode defined for component null
2022-09-04 13:30:46,485 [WARN] ModelIntegratedComponent:60 - No mode defined for component null
2022-09-04 13:30:46,485 [WARN] ModelIntegratedComponent:60 - No mode defined for component null
2022-09-04 13:30:46,485 [WARN] ModelIntegratedComponent:60 - No mode defined for component null
2022-09-04 13:30:46,485 [WARN] ModelIntegratedComponent:60 - No mode defined for component null
2022-09-04 13:30:46,485 [WARN] ModelIntegratedComponent:60 - No mode defined for component null
2022-09-04 13:30:46,485 [WARN] ModelIntegratedComponent:60 - No mode defined for component null
2022-09-04 13:30:46,485 [WARN] ModelIntegratedComponent:60 - No mode defined for component null
2022-09-04 13:30:46,485 [WARN] ModelIntegratedComponent:60 - No mode defined for component null
2022-09-04 13:30:46,485 [WARN] ModelIntegratedComponent:60 - No mode defined for component null
2022-09-04 13:30:46,485 [WARN] ModelIntegratedComponent:60 - No mode defined for component null
2022-09-04 13:30:46,485 [WARN] ModelIntegratedComponent:60 - No mode defined for component null
2022-09-04 13:30:46,505 [WARN] ApiManager:304 - Cannot register API 'Board Extension:NFC07A1' from pack STMicroelectronics.X-CUBE-NFC7.1.0.0: no header file found
2022-09-04 13:30:46,752 [WARN] ApiManager:304 - Cannot register API 'Board Extension:IKS01A3' from pack STMicroelectronics.X-CUBE-MEMS1.9.3.0: no header file found
2022-09-04 13:30:46,752 [WARN] ApiManager:304 - Cannot register API 'Board Extension:IKS01A2' from pack STMicroelectronics.X-CUBE-MEMS1.9.3.0: no header file found
2022-09-04 13:30:46,752 [WARN] ApiManager:304 - Cannot register API 'Board Extension:IKS02A1' from pack STMicroelectronics.X-CUBE-MEMS1.9.3.0: no header file found
2022-09-04 13:30:46,766 [WARN] ApiManager:304 - Cannot register API 'Wireless:BlueNRG-MS' from pack STMicroelectronics.X-CUBE-BLE1.6.2.3: no header file found
2022-09-04 13:30:46,769 [INFO] RtosManager:484 - Registered RTOS mode: class=CMSIS, group=RTOS, mode=CMSIS_V1, owner=FREERTOS
2022-09-04 13:30:46,769 [INFO] RtosManager:484 - Registered RTOS mode: class=CMSIS, group=RTOS2, mode=CMSIS_V2, owner=FREERTOS
2022-09-04 13:30:46,769 [INFO] RtosManager:484 - Registered RTOS mode: class=RTOS, group=Core, mode=CMSIS_V1, owner=FREERTOS
2022-09-04 13:30:46,769 [INFO] RtosManager:484 - Registered RTOS mode: class=RTOS, group=Core, mode=CMSIS_V2, owner=FREERTOS
2022-09-04 13:30:46,769 [WARN] ModelIntegratedComponent:181 - Missing modes for component STMicroelectronics:FreeRTOS:0.0.1:STMicroelectronics:RTOS:FreeRTOS:Core:::10.2.0:
2022-09-04 13:30:46,769 [WARN] ModelIntegratedComponent:179 - Modes not found for component STMicroelectronics:USB_DEVICE:1.0.0:STMicroelectronics:USB::USB Device:Audio HS::1.0:USB_DEVICE_1_0_RESTRICTED_HS
2022-09-04 13:30:46,769 [WARN] ModelIntegratedComponent:185 - Modes not found for component STMicroelectronics:USB_DEVICE:1.0.0:STMicroelectronics:USB::USB Device:Audio HS::1.0:USB_DEVICE_1_0_RESTRICTED_HS
2022-09-04 13:30:46,769 [WARN] ModelIntegratedComponent:179 - Modes not found for component STMicroelectronics:USB_DEVICE:1.0.0:STMicroelectronics:USB::USB Device:CDC HS::1.0:USB_DEVICE_1_0_RESTRICTED_HS
2022-09-04 13:30:46,769 [WARN] ModelIntegratedComponent:185 - Modes not found for component STMicroelectronics:USB_DEVICE:1.0.0:STMicroelectronics:USB::USB Device:CDC HS::1.0:USB_DEVICE_1_0_RESTRICTED_HS
2022-09-04 13:30:46,769 [WARN] ModelIntegratedComponent:179 - Modes not found for component STMicroelectronics:USB_DEVICE:1.0.0:STMicroelectronics:USB::USB Device:DFU HS::1.0:USB_DEVICE_1_0_RESTRICTED_HS
2022-09-04 13:30:46,769 [WARN] ModelIntegratedComponent:185 - Modes not found for component STMicroelectronics:USB_DEVICE:1.0.0:STMicroelectronics:USB::USB Device:DFU HS::1.0:USB_DEVICE_1_0_RESTRICTED_HS
2022-09-04 13:30:46,769 [WARN] ModelIntegratedComponent:179 - Modes not found for component STMicroelectronics:USB_DEVICE:1.0.0:STMicroelectronics:USB::USB Device:HID HS::1.0:USB_DEVICE_1_0_RESTRICTED_HS
2022-09-04 13:30:46,769 [WARN] ModelIntegratedComponent:185 - Modes not found for component STMicroelectronics:USB_DEVICE:1.0.0:STMicroelectronics:USB::USB Device:HID HS::1.0:USB_DEVICE_1_0_RESTRICTED_HS
2022-09-04 13:30:46,769 [WARN] ModelIntegratedComponent:179 - Modes not found for component STMicroelectronics:USB_DEVICE:1.0.0:STMicroelectronics:USB::USB Device:Custom HID HS::1.0:USB_DEVICE_1_0_RESTRICTED_HS
2022-09-04 13:30:46,769 [WARN] ModelIntegratedComponent:185 - Modes not found for component STMicroelectronics:USB_DEVICE:1.0.0:STMicroelectronics:USB::USB Device:Custom HID HS::1.0:USB_DEVICE_1_0_RESTRICTED_HS
2022-09-04 13:30:46,769 [WARN] ModelIntegratedComponent:179 - Modes not found for component STMicroelectronics:USB_DEVICE:1.0.0:STMicroelectronics:USB::USB Device:MSC HS::1.0:USB_DEVICE_1_0_RESTRICTED_HS
2022-09-04 13:30:46,769 [WARN] ModelIntegratedComponent:185 - Modes not found for component STMicroelectronics:USB_DEVICE:1.0.0:STMicroelectronics:USB::USB Device:MSC HS::1.0:USB_DEVICE_1_0_RESTRICTED_HS
2022-09-04 13:30:46,769 [WARN] ApiManager:304 - Cannot register API 'Board Extension:S2868A1' from pack STMicroelectronics.X-CUBE-SUBG2.5.0.0: no header file found
2022-09-04 13:30:46,769 [WARN] ApiManager:304 - Cannot register API 'Board Extension:S2868A2' from pack STMicroelectronics.X-CUBE-SUBG2.5.0.0: no header file found
2022-09-04 13:30:46,769 [WARN] ApiManager:304 - Cannot register API 'Board Extension:S2915A1' from pack STMicroelectronics.X-CUBE-SUBG2.5.0.0: no header file found
2022-09-04 13:30:46,783 [WARN] ApiManager:304 - Cannot register API 'Board Extension:EEPRMA1' from pack STMicroelectronics.X-CUBE-EEPRMA1.3.1.1: no header file found
2022-09-04 13:30:46,784 [WARN] ApiManager:304 - Cannot register API 'Board Extension:EEPRMA2' from pack STMicroelectronics.X-CUBE-EEPRMA1.3.1.1: no header file found
2022-09-04 13:30:46,785 [WARN] ApiManager:304 - Cannot register API 'Board Extension:S2868A1' from pack STMicroelectronics.X-CUBE-SFXS2LP1.4.0.0: no header file found
2022-09-04 13:30:46,785 [WARN] ApiManager:304 - Cannot register API 'Board Extension:S2868A2' from pack STMicroelectronics.X-CUBE-SFXS2LP1.4.0.0: no header file found
2022-09-04 13:30:46,785 [WARN] ApiManager:304 - Cannot register API 'Board Extension:S2915A1' from pack STMicroelectronics.X-CUBE-SFXS2LP1.4.0.0: no header file found
2022-09-04 13:30:46,785 [WARN] ApiManager:304 - Cannot register API 'Wireless:BlueNRG-2' from pack STMicroelectronics.X-CUBE-BLE2.3.3.0: no header file found
2022-09-04 13:30:46,785 [WARN] ApiManager:304 - Cannot register API 'Board Extension:NFC04A1' from pack STMicroelectronics.X-CUBE-NFC4.2.0.4: no header file found
2022-09-04 13:30:46,785 [WARN] ModelIntegratedComponent:179 - Modes not found for component STMicroelectronics:USB_HOST:1.0.0:STMicroelectronics:USB::USB Host:Audio HS::1.0:USB_HOST_1_0_RESTRICTED_HS
2022-09-04 13:30:46,785 [WARN] ModelIntegratedComponent:185 - Modes not found for component STMicroelectronics:USB_HOST:1.0.0:STMicroelectronics:USB::USB Host:Audio HS::1.0:USB_HOST_1_0_RESTRICTED_HS
2022-09-04 13:30:46,785 [WARN] ModelIntegratedComponent:179 - Modes not found for component STMicroelectronics:USB_HOST:1.0.0:STMicroelectronics:USB::USB Host:CDC HS::1.0:USB_HOST_1_0_RESTRICTED_HS
2022-09-04 13:30:46,785 [WARN] ModelIntegratedComponent:185 - Modes not found for component STMicroelectronics:USB_HOST:1.0.0:STMicroelectronics:USB::USB Host:CDC HS::1.0:USB_HOST_1_0_RESTRICTED_HS
2022-09-04 13:30:46,785 [WARN] ModelIntegratedComponent:179 - Modes not found for component STMicroelectronics:USB_HOST:1.0.0:STMicroelectronics:USB::USB Host:MSC HS::1.0:USB_HOST_1_0_RESTRICTED_HS
2022-09-04 13:30:46,785 [WARN] ModelIntegratedComponent:185 - Modes not found for component STMicroelectronics:USB_HOST:1.0.0:STMicroelectronics:USB::USB Host:MSC HS::1.0:USB_HOST_1_0_RESTRICTED_HS
2022-09-04 13:30:46,785 [WARN] ModelIntegratedComponent:179 - Modes not found for component STMicroelectronics:USB_HOST:1.0.0:STMicroelectronics:USB::USB Host:HID HS::1.0:USB_HOST_1_0_RESTRICTED_HS
2022-09-04 13:30:46,785 [WARN] ModelIntegratedComponent:185 - Modes not found for component STMicroelectronics:USB_HOST:1.0.0:STMicroelectronics:USB::USB Host:HID HS::1.0:USB_HOST_1_0_RESTRICTED_HS
2022-09-04 13:30:46,785 [WARN] ModelIntegratedComponent:179 - Modes not found for component STMicroelectronics:USB_HOST:1.0.0:STMicroelectronics:USB::USB Host:MTP HS::1.0:USB_HOST_1_0_RESTRICTED_HS
2022-09-04 13:30:46,785 [WARN] ModelIntegratedComponent:185 - Modes not found for component STMicroelectronics:USB_HOST:1.0.0:STMicroelectronics:USB::USB Host:MTP HS::1.0:USB_HOST_1_0_RESTRICTED_HS
2022-09-04 13:30:48,502 [INFO] ImportTextPane:167 - (OptionalMessage_ERROR) IP (RCC) : Parameter (FLatency) has Id (AdvancedSettings) currently not set
2022-09-04 13:30:48,503 [INFO] ImportTextPane:167 - (OptionalMessage_ERROR) IP (RCC) : Parameter (RTCHSEDivFreq_Value) has invalid value (4000000)
2022-09-04 13:30:48,776 [INFO] UtilMem:74 - End LoadConfig() Used Memory: 615693152 Bytes (780140544)
2022-09-04 13:30:48,778 [INFO] DbMcusXml:100 - Load MCU database from C:\ST\STM32CubeIDE_1.7.0\STM32CubeIDE\plugins\com.st.stm32cube.common.mx_6.3.0.202107141111\\db\/mcu/families.xml
2022-09-04 13:30:49,644 [INFO] DbMcusJson:93 - JSON generation date=Wed Nov 17 01:17:54 KST 2021 (1637079474)
2022-09-04 13:30:50,514 [INFO] DbMcus:175 - Found 1951 MCUs (1903 are supported by CubeMX, 1914 are visible in CubeMX)
2022-09-04 13:30:50,515 [INFO] ApiDb:251 - Load user favorites file C:\Users\kccistc/.stm32cubeide/favorites.mcus.txt: 0 item(s)
2022-09-04 13:30:50,515 [INFO] ApiDb:255 - User favorites MCUs=[]
2022-09-04 13:30:50,515 [INFO] DbMcus:187 - Set 0 / 0 favorites MCUs
2022-09-04 13:30:50,515 [WARN] ThirdParty:779 - waiting for thirdparty lock release [change project]
2022-09-04 13:30:50,515 [INFO] ThirdParty:781 - entering critical section [change project]
2022-09-04 13:30:50,515 [INFO] ThirdParty:967 - CMSIS Pack Vendor :STMicroelectronics FP-ATR-ASTRA1 1.1.0
2022-09-04 13:30:50,515 [INFO] ThirdParty:967 - CMSIS Pack Vendor :RoweBots I-CUBE-UNISONRTOS 5.5.0-4
2022-09-04 13:30:50,515 [INFO] ThirdParty:967 - CMSIS Pack Vendor :STMicroelectronics X-CUBE-GNSS1 6.0.0
2022-09-04 13:30:50,515 [INFO] ThirdParty:967 - CMSIS Pack Vendor :STMicroelectronics X-CUBE-AZRTOS-H7 2.1.0
2022-09-04 13:30:50,515 [INFO] ThirdParty:967 - CMSIS Pack Vendor :STMicroelectronics USB_HOST 2.0.0
2022-09-04 13:30:50,515 [INFO] ThirdParty:967 - CMSIS Pack Vendor :STMicroelectronics X-CUBE-AZRTOS-F4 1.1.0
2022-09-04 13:30:50,515 [INFO] ThirdParty:967 - CMSIS Pack Vendor :STMicroelectronics X-CUBE-AZRTOS-G4 1.0.0
2022-09-04 13:30:50,515 [INFO] ThirdParty:967 - CMSIS Pack Vendor :wolfSSL I-CUBE-wolfSSL 5.4.0
2022-09-04 13:30:50,515 [INFO] ThirdParty:967 - CMSIS Pack Vendor :STMicroelectronics X-CUBE-AZRTOS-L4 1.0.0
2022-09-04 13:30:50,515 [INFO] ThirdParty:967 - CMSIS Pack Vendor :STMicroelectronics USB_DEVICE 3.0.0
2022-09-04 13:30:50,515 [INFO] ThirdParty:967 - CMSIS Pack Vendor :STMicroelectronics HAL Drivers 0.0.0
2022-09-04 13:30:50,515 [INFO] ThirdParty:967 - CMSIS Pack Vendor :STMicroelectronics MBEDTLS 2.16.2
2022-09-04 13:30:50,515 [INFO] ThirdParty:967 - CMSIS Pack Vendor :emotas I-CUBE-CANOPEN 1.1.2
2022-09-04 13:30:50,515 [INFO] ThirdParty:967 - CMSIS Pack Vendor :STMicroelectronics X-CUBE-TOUCHGFX 4.20.0
2022-09-04 13:30:50,515 [INFO] ThirdParty:967 - CMSIS Pack Vendor :STMicroelectronics MBEDTLS 2.14.1
2022-09-04 13:30:50,515 [INFO] ThirdParty:967 - CMSIS Pack Vendor :STMicroelectronics X-CUBE-NFC7 1.0.0
2022-09-04 13:30:50,515 [INFO] ThirdParty:967 - CMSIS Pack Vendor :STMicroelectronics X-CUBE-BLEMGR 1.0.0
2022-09-04 13:30:50,515 [INFO] ThirdParty:967 - CMSIS Pack Vendor :STMicroelectronics X-CUBE-AZRTOS-WL 1.0.0
2022-09-04 13:30:50,515 [INFO] ThirdParty:967 - CMSIS Pack Vendor :STMicroelectronics X-CUBE-AZRTOS-F7 1.1.0
2022-09-04 13:30:50,515 [INFO] ThirdParty:967 - CMSIS Pack Vendor :STMicroelectronics X-CUBE-MEMS1 9.3.0
2022-09-04 13:30:50,515 [INFO] ThirdParty:967 - CMSIS Pack Vendor :portGmbH I-Cube-SoM-uGOAL 1.1.0
2022-09-04 13:30:50,540 [INFO] ThirdParty:967 - CMSIS Pack Vendor :STMicroelectronics X-CUBE-ALS 1.0.1
2022-09-04 13:30:50,540 [INFO] ThirdParty:967 - CMSIS Pack Vendor :STMicroelectronics USB_DEVICE 2.0.0
2022-09-04 13:30:50,540 [INFO] ThirdParty:967 - CMSIS Pack Vendor :STMicroelectronics X-CUBE-AI 7.2.0
2022-09-04 13:30:50,540 [INFO] ThirdParty:967 - CMSIS Pack Vendor :STMicroelectronics X-CUBE-BLE1 6.2.3
2022-09-04 13:30:50,540 [INFO] ThirdParty:967 - CMSIS Pack Vendor :STMicroelectronics X-CUBE-ALGOBUILD 1.3.0
2022-09-04 13:30:50,540 [INFO] ThirdParty:967 - CMSIS Pack Vendor :STMicroelectronics X-CUBE-AZRTOS-L5 1.0.0
2022-09-04 13:30:50,540 [INFO] ThirdParty:967 - CMSIS Pack Vendor :STMicroelectronics FreeRTOS 0.0.1
2022-09-04 13:30:50,541 [INFO] ThirdParty:967 - CMSIS Pack Vendor :STMicroelectronics X-CUBE-AZRTOS-G0 1.1.0
2022-09-04 13:30:50,541 [INFO] ThirdParty:967 - CMSIS Pack Vendor :STMicroelectronics USB_DEVICE 1.0.0
2022-09-04 13:30:50,541 [INFO] ThirdParty:967 - CMSIS Pack Vendor :STMicroelectronics X-CUBE-SUBG2 5.0.0
2022-09-04 13:30:50,541 [INFO] ThirdParty:967 - CMSIS Pack Vendor :SEGGER I-CUBE-embOS 1.2.0
2022-09-04 13:30:50,541 [INFO] ThirdParty:967 - CMSIS Pack Vendor :STMicroelectronics X-CUBE-EEPRMA1 3.1.1
2022-09-04 13:30:50,541 [INFO] ThirdParty:967 - CMSIS Pack Vendor :STMicroelectronics ThreadX 0.0.2
2022-09-04 13:30:50,541 [INFO] ThirdParty:967 - CMSIS Pack Vendor :STMicroelectronics lwIP 2.0.3
2022-09-04 13:30:50,541 [INFO] ThirdParty:967 - CMSIS Pack Vendor :STMicroelectronics lwIP 2.1.2
2022-09-04 13:30:50,541 [INFO] ThirdParty:967 - CMSIS Pack Vendor :STMicroelectronics X-CUBE-SFXS2LP1 4.0.0
2022-09-04 13:30:50,541 [INFO] ThirdParty:967 - CMSIS Pack Vendor :STMicroelectronics X-CUBE-BLE2 3.3.0
2022-09-04 13:30:50,541 [INFO] ThirdParty:967 - CMSIS Pack Vendor :STMicroelectronics X-CUBE-NFC4 2.0.4
2022-09-04 13:30:50,542 [INFO] ThirdParty:967 - CMSIS Pack Vendor :STMicroelectronics USB_HOST 1.0.0
2022-09-04 13:30:50,542 [INFO] ThirdParty:967 - CMSIS Pack Vendor :STMicroelectronics X-CUBE-DISPLAY 2.2.0
2022-09-04 13:30:50,542 [INFO] ThirdParty:967 - CMSIS Pack Vendor :STMicroelectronics PDM2PCM 3.1.0
2022-09-04 13:30:50,542 [INFO] ThirdParty:967 - CMSIS Pack Vendor :STMicroelectronics FP-ATR-ASTRA1 1.1.1
2022-09-04 13:30:50,542 [INFO] ThirdParty:967 - CMSIS Pack Vendor :STMicroelectronics PDM2PCM 3.2.0
2022-09-04 13:30:50,542 [INFO] ThirdParty:967 - CMSIS Pack Vendor :STMicroelectronics PDM2PCM 3.3.0
2022-09-04 13:30:50,542 [INFO] ThirdParty:967 - CMSIS Pack Vendor :STMicroelectronics X-CUBE-TOF1 3.1.0
2022-09-04 13:30:50,542 [INFO] ThirdParty:967 - CMSIS Pack Vendor :STMicroelectronics X-CUBE-ISPU 1.0.0
2022-09-04 13:30:50,542 [INFO] ThirdParty:787 - exiting critical section [change project]
2022-09-04 13:30:51,087 [INFO] PinOutPanel:1463 - setPackage(No Configuration,No Configuration)
2022-09-04 13:30:51,088 [INFO] PinOutPanel:1463 - setPackage(STM32F411RETx,LQFP64)
2022-09-04 13:30:51,625 [INFO] UtilMem:74 - Before build in PCC Used Memory: 776930064 Bytes (920649728)
2022-09-04 13:30:52,506 [INFO] UtilMem:74 - After build in PCC Used Memory: 776740152 Bytes (920649728)
2022-09-04 13:30:52,545 [INFO] IPUIPlugin:74 - create IPUIPlugin
2022-09-04 13:30:52,545 [INFO] IPUIPlugin:74 - create IPUIPlugin
2022-09-04 13:30:52,545 [INFO] IPUIPlugin:74 - create IPUIPlugin
2022-09-04 13:30:52,545 [INFO] IPUIPlugin:74 - create IPUIPlugin
2022-09-04 13:30:52,545 [INFO] IPUIPlugin:74 - create IPUIPlugin
2022-09-04 13:30:52,545 [INFO] IPUIPlugin:74 - create IPUIPlugin
2022-09-04 13:30:52,545 [INFO] IPUIPlugin:74 - create IPUIPlugin
2022-09-04 13:30:52,545 [INFO] IPUIPlugin:74 - create IPUIPlugin
2022-09-04 13:30:52,545 [INFO] IPUIPlugin:74 - create IPUIPlugin
2022-09-04 13:30:52,545 [INFO] IPUIPlugin:74 - create IPUIPlugin
2022-09-04 13:30:52,545 [INFO] IPUIPlugin:74 - create IPUIPlugin
2022-09-04 13:30:52,545 [INFO] IPUIPlugin:74 - create IPUIPlugin
2022-09-04 13:30:52,545 [INFO] IPUIPlugin:74 - create IPUIPlugin
2022-09-04 13:30:52,545 [INFO] IPUIPlugin:74 - create IPUIPlugin
2022-09-04 13:30:52,545 [INFO] IPUIPlugin:74 - create IPUIPlugin
2022-09-04 13:30:52,545 [INFO] IPUIPlugin:74 - create IPUIPlugin
2022-09-04 13:30:52,561 [INFO] IPUIPlugin:74 - create IPUIPlugin
2022-09-04 13:30:52,561 [INFO] IPUIPlugin:74 - create IPUIPlugin
2022-09-04 13:30:52,561 [INFO] IPUIPlugin:74 - create IPUIPlugin
2022-09-04 13:30:52,562 [INFO] IPUIPlugin:74 - create IPUIPlugin
2022-09-04 13:30:52,562 [INFO] IPUIPlugin:74 - create IPUIPlugin
2022-09-04 13:30:52,562 [INFO] IPUIPlugin:74 - create IPUIPlugin
2022-09-04 13:30:52,562 [INFO] IPUIPlugin:74 - create IPUIPlugin
2022-09-04 13:30:52,563 [INFO] IPUIPlugin:74 - create IPUIPlugin
2022-09-04 13:30:52,564 [INFO] IPUIPlugin:74 - create IPUIPlugin
2022-09-04 13:30:52,564 [INFO] IPUIPlugin:74 - create IPUIPlugin
2022-09-04 13:30:52,565 [INFO] IPUIPlugin:74 - create IPUIPlugin
2022-09-04 13:30:52,565 [INFO] IPUIPlugin:74 - create IPUIPlugin
2022-09-04 13:30:52,565 [INFO] IPUIPlugin:74 - create IPUIPlugin
2022-09-04 13:30:52,565 [INFO] IPUIPlugin:74 - create IPUIPlugin
2022-09-04 13:30:52,566 [INFO] IPUIPlugin:74 - create IPUIPlugin
2022-09-04 13:30:52,566 [INFO] IPUIPlugin:74 - create IPUIPlugin
2022-09-04 13:30:52,566 [INFO] IPUIPlugin:74 - create IPUIPlugin
2022-09-04 13:30:52,566 [INFO] IPUIPlugin:74 - create IPUIPlugin
2022-09-04 13:30:52,566 [INFO] IPUIPlugin:74 - create IPUIPlugin
2022-09-04 13:30:52,566 [INFO] IPUIPlugin:74 - create IPUIPlugin
2022-09-04 13:30:52,566 [INFO] IPUIPlugin:74 - create IPUIPlugin
2022-09-04 13:30:52,566 [INFO] IPUIPlugin:74 - create IPUIPlugin
2022-09-04 13:30:52,566 [INFO] IPUIPlugin:74 - create IPUIPlugin
2022-09-04 13:30:52,566 [INFO] IPUIPlugin:74 - create IPUIPlugin
2022-09-04 13:30:52,566 [INFO] IPUIPlugin:74 - create IPUIPlugin
2022-09-04 13:30:52,566 [INFO] IPUIPlugin:74 - create IPUIPlugin
2022-09-04 13:30:52,566 [INFO] IPUIPlugin:74 - create IPUIPlugin
2022-09-04 13:30:52,633 [INFO] ApiDbMcu:468 - Load IP Config File for PDM2PCM
2022-09-04 13:30:52,659 [WARN] IP:2125 - I2C_Coeff_DF not found: check if there is a RefParameter without a condition.
2022-09-04 13:30:52,659 [WARN] IP:2125 - Analog_Filter not found: check if there is a RefParameter without a condition.
2022-09-04 13:30:52,858 [INFO] OpenFileManager:333 - Restore cursor
2022-09-04 13:30:52,992 [WARN] IP:2125 - I2C_Coeff_DF not found: check if there is a RefParameter without a condition.
2022-09-04 13:30:52,992 [WARN] IP:2125 - Analog_Filter not found: check if there is a RefParameter without a condition.
2022-09-04 13:30:52,993 [WARN] IP:2125 - I2C_Coeff_DF not found: check if there is a RefParameter without a condition.
2022-09-04 13:30:52,993 [WARN] IP:2125 - Analog_Filter not found: check if there is a RefParameter without a condition.
2022-09-04 15:32:11,124 [WARN] IP:2125 - I2C_Coeff_DF not found: check if there is a RefParameter without a condition.
2022-09-04 15:32:11,124 [WARN] IP:2125 - Analog_Filter not found: check if there is a RefParameter without a condition.
2022-09-04 15:32:11,124 [WARN] IP:2125 - I2C_Coeff_DF not found: check if there is a RefParameter without a condition.
2022-09-04 15:32:11,124 [WARN] IP:2125 - Analog_Filter not found: check if there is a RefParameter without a condition.
2022-09-04 15:32:11,187 [WARN] IP:2125 - I2C_Coeff_DF not found: check if there is a RefParameter without a condition.
2022-09-04 15:32:11,187 [WARN] IP:2125 - Analog_Filter not found: check if there is a RefParameter without a condition.
2022-09-04 15:32:11,265 [WARN] IP:2125 - I2C_Coeff_DF not found: check if there is a RefParameter without a condition.
2022-09-04 15:32:11,265 [WARN] IP:2125 - Analog_Filter not found: check if there is a RefParameter without a condition.
2022-09-04 15:32:30,984 [WARN] IP:2125 - I2C_Coeff_DF not found: check if there is a RefParameter without a condition.
2022-09-04 15:32:30,984 [WARN] IP:2125 - Analog_Filter not found: check if there is a RefParameter without a condition.
2022-09-04 15:32:30,984 [WARN] IP:2125 - I2C_Coeff_DF not found: check if there is a RefParameter without a condition.
2022-09-04 15:32:30,984 [WARN] IP:2125 - Analog_Filter not found: check if there is a RefParameter without a condition.
2022-09-04 15:32:31,046 [WARN] IP:2125 - I2C_Coeff_DF not found: check if there is a RefParameter without a condition.
2022-09-04 15:32:31,046 [WARN] IP:2125 - Analog_Filter not found: check if there is a RefParameter without a condition.
2022-09-04 15:32:31,125 [WARN] IP:2125 - I2C_Coeff_DF not found: check if there is a RefParameter without a condition.
2022-09-04 15:32:31,125 [WARN] IP:2125 - Analog_Filter not found: check if there is a RefParameter without a condition.
2022-09-04 15:32:38,123 [INFO] UtilMem:74 - End SaveConfig() Used Memory: 804503256 Bytes (920649728)
2022-09-04 15:32:39,232 [INFO] UtilMem:74 - End SaveConfig() Used Memory: 642451128 Bytes (920649728)
2022-09-04 15:32:41,450 [INFO] UtilMem:74 - End SaveConfig() Used Memory: 754648760 Bytes (920649728)
2022-09-04 15:32:41,919 [INFO] BlockDiagram:2740 - set Specific Code input for plugin: RTC
2022-09-04 15:32:41,919 [INFO] BlockDiagram:2740 - set Specific Code input for plugin: NVIC
2022-09-04 15:32:41,919 [INFO] BlockDiagram:2740 - set Specific Code input for plugin: USART
2022-09-04 15:32:41,919 [INFO] BlockDiagram:2740 - set Specific Code input for plugin: USART
2022-09-04 15:32:41,919 [INFO] BlockDiagram:2740 - set Specific Code input for plugin: TIM1_8
2022-09-04 15:32:41,919 [INFO] BlockDiagram:2740 - set Specific Code input for plugin: TIM1_8
2022-09-04 15:32:41,919 [INFO] BlockDiagram:2740 - set Specific Code input for plugin: TIM1_8
2022-09-04 15:32:41,935 [INFO] BlockDiagram:2740 - set Specific Code input for plugin: TIM1_8
2022-09-04 15:32:41,935 [INFO] BlockDiagram:2740 - set Specific Code input for plugin: SYS
2022-09-04 15:32:41,935 [INFO] BlockDiagram:2740 - set Specific Code input for plugin: GPIO
2022-09-04 15:32:41,935 [INFO] BlockDiagram:2740 - set Specific Code input for plugin: RCC
2022-09-04 15:32:41,935 [INFO] BlockDiagram:2740 - set Specific Code input for plugin: I2C
2022-09-04 15:32:41,935 [INFO] CodeGenerator:663 - code generatio: config db path: C:\ST\STM32CubeIDE_1.7.0\STM32CubeIDE\plugins\com.st.stm32cube.common.mx_6.3.0.202107141111\\db\
2022-09-04 15:32:41,966 [WARN] IP:2125 - I2C_Coeff_DF not found: check if there is a RefParameter without a condition.
2022-09-04 15:32:41,966 [WARN] IP:2125 - Analog_Filter not found: check if there is a RefParameter without a condition.
2022-09-04 15:32:42,622 [INFO] CodeEngine:239 - oldGeneratedFile, C:\Users\kccistc\Desktop\kimjunghoon\07.ELEVATOR\MXTmpFiles\license.tmp_save
2022-09-04 15:32:43,122 [INFO] CodeEngine:257 - Generated code: C:\Users\kccistc\Desktop\kimjunghoon\07.ELEVATOR\MXTmpFiles\license.tmp
2022-09-04 15:32:43,294 [INFO] CodeEngine:239 - oldGeneratedFile, C:\Users\kccistc\Desktop\kimjunghoon\07.ELEVATOR\MXTmpFiles\gpio.tmp_save
2022-09-04 15:32:43,465 [INFO] CodeEngine:257 - Generated code: C:\Users\kccistc\Desktop\kimjunghoon\07.ELEVATOR\MXTmpFiles\gpio.tmp
2022-09-04 15:32:44,606 [INFO] CodeEngine:239 - oldGeneratedFile, C:\Users\kccistc\Desktop\kimjunghoon\07.ELEVATOR\Core\Src\stm32f4xx_it.c_save
2022-09-04 15:32:44,840 [INFO] CodeEngine:257 - Generated code: C:\Users\kccistc\Desktop\kimjunghoon\07.ELEVATOR\Core\Src\stm32f4xx_it.c
2022-09-04 15:32:44,856 [INFO] CodeEngine:239 - oldGeneratedFile, C:\Users\kccistc\Desktop\kimjunghoon\07.ELEVATOR\Core\Inc\stm32f4xx_it.h_save
2022-09-04 15:32:44,981 [INFO] CodeEngine:257 - Generated code: C:\Users\kccistc\Desktop\kimjunghoon\07.ELEVATOR\Core\Inc\stm32f4xx_it.h
2022-09-04 15:32:45,012 [INFO] CodeEngine:239 - oldGeneratedFile, C:\Users\kccistc\Desktop\kimjunghoon\07.ELEVATOR\Core\Src\stm32f4xx_hal_msp.c_save
2022-09-04 15:32:45,309 [INFO] CodeEngine:257 - Generated code: C:\Users\kccistc\Desktop\kimjunghoon\07.ELEVATOR\Core\Src\stm32f4xx_hal_msp.c
2022-09-04 15:32:45,340 [INFO] CodeEngine:239 - oldGeneratedFile, C:\Users\kccistc\Desktop\kimjunghoon\07.ELEVATOR\MXTmpFiles\system.tmp_save
2022-09-04 15:32:45,418 [INFO] CodeEngine:257 - Generated code: C:\Users\kccistc\Desktop\kimjunghoon\07.ELEVATOR\MXTmpFiles\system.tmp
2022-09-04 15:32:45,449 [INFO] CodeEngine:239 - oldGeneratedFile, C:\Users\kccistc\Desktop\kimjunghoon\07.ELEVATOR\Core\Inc\stm32f4xx_hal_conf.h_save
2022-09-04 15:32:45,543 [INFO] CodeEngine:257 - Generated code: C:\Users\kccistc\Desktop\kimjunghoon\07.ELEVATOR\Core\Inc\stm32f4xx_hal_conf.h
2022-09-04 15:32:45,605 [WARN] IPConfigManager:3148 - IP not found : TIM
2022-09-04 15:32:45,605 [WARN] CodeGenerator:3268 - IP not found : null
2022-09-04 15:32:45,621 [INFO] CodeEngine:239 - oldGeneratedFile, C:\Users\kccistc\Desktop\kimjunghoon\07.ELEVATOR\Core\Inc\main.h_save
2022-09-04 15:32:45,715 [INFO] CodeEngine:257 - Generated code: C:\Users\kccistc\Desktop\kimjunghoon\07.ELEVATOR\Core\Inc\main.h
2022-09-04 15:32:45,730 [INFO] CodeEngine:239 - oldGeneratedFile, C:\Users\kccistc\Desktop\kimjunghoon\07.ELEVATOR\Core\Src\main.c_save
2022-09-04 15:32:46,043 [INFO] CodeEngine:257 - Generated code: C:\Users\kccistc\Desktop\kimjunghoon\07.ELEVATOR\Core\Src\main.c
2022-09-04 15:32:47,605 [INFO] ProjectBuilder:2578 - Time for Copy HAL[1] : 594mS.
2022-09-04 15:32:47,621 [INFO] ProjectBuilder:3622 - Project Generator version: 3.14.1
2022-09-04 15:32:48,152 [INFO] ConfigFileManager:1271 - The Die is : DIE431
2022-09-04 15:32:48,167 [INFO] ApiDbMcu:468 - Load IP Config File for FATFS
2022-09-04 15:32:48,214 [INFO] ApiDbMcu:468 - Load IP Config File for FREERTOS
2022-09-04 15:32:48,214 [INFO] ApiDbMcu:468 - Load IP Config File for LIBJPEG
2022-09-04 15:32:48,277 [INFO] ApiDbMcu:468 - Load IP Config File for MBEDTLS
2022-09-04 15:32:48,324 [INFO] ApiDbMcu:468 - Load IP Config File for USB_DEVICE
2022-09-04 15:32:48,339 [INFO] ApiDbMcu:468 - Load IP Config File for USB_HOST
2022-09-04 15:32:52,135 [INFO] ProjectBuilder:3789 - Time for Generating toolchain IDE Files: 4514mS.
2022-09-04 15:32:52,135 [INFO] ProjectBuilder:2457 - Time for Copy CMSIS : 0mS.
2022-09-04 15:32:52,135 [INFO] ProjectBuilder:2457 - Time for Copy CMSIS : 0mS.
